This file contains any messages produced by compilers while
running configure, to aid debugging if configure makes a mistake.

It was created by configure, which was
generated by GNU Autoconf 2.52.  Invocation command line was

  $ ./configure --no-create --no-recursion

## ---------- ##
## Platform.  ##
## ---------- ##

hostname = drax
uname -m = Power Macintosh
uname -r = 6.1
uname -s = Darwin
uname -v = Darwin Kernel Version 6.1: Fri Sep  6 23:24:34 PDT 2002; root:xnu/xnu-344.2.obj~2/RELEASE_PPC 

/usr/bin/uname -p = powerpc
/bin/uname -X     = unknown

/bin/arch              = unknown
/usr/bin/arch -k       = unknown
/usr/convex/getsysinfo = unknown
hostinfo               = Mach kernel version:
	 Darwin Kernel Version 6.1:
Fri Sep  6 23:24:34 PDT 2002; root:xnu/xnu-344.2.obj~2/RELEASE_PPC


Kernel configured for up to 2 processors.
1 processor is physically available.
Processor type: ppc7450 (PowerPC 7450)
Processor active: 0
Primary memory available: 512.00 megabytes.
Default processor set: 70 tasks, 201 threads, 1 processors
Load average: 1.96, Mach factor: 0.18
unknown
/bin/machine           = unknown
/usr/bin/oslevel       = unknown
/bin/universe          = unknown

PATH = /devkitadv/bin:/sw/bin:/sw/sbin:/bin:/usr/bin:/usr/local/bin:/sbin:/usr/sbin:/usr/local/sbin:/usr/X11R6/bin:/Developer/Tools:/usr/X11R6/bin:/usr/local/bin

## ------------ ##
## Core tests.  ##
## ------------ ##

configure:978: PATH=".;."; conftest.sh
./configure: conftest.sh: command not found
configure:981: $? = 127
configure:1027: checking for a BSD compatible install
configure:1076: result: /usr/bin/install -c
configure:1087: checking whether build environment is sane
configure:1130: result: yes
configure:1145: checking whether make sets ${MAKE}
configure:1165: result: yes
configure:1193: checking for working aclocal
configure:1200: result: found
configure:1208: checking for working autoconf
configure:1215: result: found
configure:1223: checking for working automake
configure:1230: result: found
configure:1238: checking for working autoheader
configure:1245: result: found
configure:1253: checking for working makeinfo
configure:1260: result: found
configure:1377: checking for C++ compiler version
configure:1380: gcc3 --version </dev/null >&5
gcc3 (GCC) 3.1 20020420 (prerelease)
Copyright (C) 2002 Free Software Foundation, Inc.
This is free software; see the source for copying conditions.  There is NO
warranty; not even for MERCHANTABILITY or FITNESS FOR A PARTICULAR PURPOSE.

configure:1383: $? = 0
configure:1385: gcc3 -v </dev/null >&5
Reading specs from /usr/libexec/gcc/darwin/ppc/3.1/specs
Thread model: posix
Apple Computer, Inc. GCC version 1161, based on gcc version 3.1 20020420 (prerelease)
configure:1388: $? = 0
configure:1390: gcc3 -V </dev/null >&5
gcc3: argument to `-V' is missing
configure:1393: $? = 1
configure:1413: checking for C++ compiler default output
configure:1416: gcc3    conftest.cc  >&5
configure:1419: $? = 0
configure:1448: result: a.out
configure:1453: checking whether the C++ compiler works
configure:1459: ./a.out
configure:1462: $? = 0
configure:1477: result: yes
configure:1484: checking whether we are cross compiling
configure:1486: result: no
configure:1489: checking for executable suffix
configure:1491: gcc3 -o conftest    conftest.cc  >&5
configure:1494: $? = 0
configure:1516: result: 
configure:1522: checking for object suffix
configure:1540: gcc3 -c   conftest.cc >&5
configure:1543: $? = 0
configure:1562: result: o
configure:1566: checking whether we are using the GNU C++ compiler
configure:1587: gcc3 -c   conftest.cc >&5
configure:1590: $? = 0
configure:1593: test -s conftest.o
configure:1596: $? = 0
configure:1608: result: yes
configure:1614: checking whether gcc3 accepts -g
configure:1632: gcc3 -c -g  conftest.cc >&5
configure:1635: $? = 0
configure:1638: test -s conftest.o
configure:1641: $? = 0
configure:1651: result: yes
configure:1691: gcc3 -c -g -O2  conftest.cc >&5
configure:1694: $? = 0
configure:1697: test -s conftest.o
configure:1700: $? = 0
configure:1722: gcc3 -c -g -O2  conftest.cc >&5
configure: In function `int main()':
configure:1715: `exit' undeclared (first use this function)
configure:1715: (Each undeclared identifier is reported only once for each 
   function it appears in.)
configure:1725: $? = 1
configure: failed program was:
#line 1710 "configure"
#include "confdefs.h"

int
main ()
{
exit (42);
  ;
  return 0;
}
configure:1691: gcc3 -c -g -O2  conftest.cc >&5
configure:1694: $? = 0
configure:1697: test -s conftest.o
configure:1700: $? = 0
configure:1722: gcc3 -c -g -O2  conftest.cc >&5
configure:1725: $? = 0
configure:1728: test -s conftest.o
configure:1731: $? = 0
configure:1756: checking whether the C++ compiler (gcc3 -g -Wall -O2 -funroll-loops -fomit-frame-pointer -fno-exceptions ) works
configure:1772: gcc3 -c -g -Wall -O2 -funroll-loops -fomit-frame-pointer -fno-exceptions  conftest.cc >&5
configure: In function `int main()':
configure:1765: warning: unused variable `int test'
configure:1775: $? = 0
configure:1778: test -s conftest.o
configure:1781: $? = 0
configure:1783: result: yes
configure:1799: checking for perl
configure:1816: found /usr/bin/perl
configure:1827: result: /usr/bin/perl
configure:1906: checking build system type
configure:1924: result: powerpc-apple-darwin6.1
configure:1931: checking host system type
configure:1945: result: powerpc-apple-darwin6.1
configure:1990: checking for ranlib
configure:2005: found /usr/bin/ranlib
configure:2014: result: ranlib
configure:2069: checking for gcc
configure:2084: found /usr/bin/gcc
configure:2092: result: gcc
configure:2320: checking for C compiler version
configure:2323: gcc --version </dev/null >&5
gcc (GCC) 3.1 20020420 (prerelease)
Copyright (C) 2002 Free Software Foundation, Inc.
This is free software; see the source for copying conditions.  There is NO
warranty; not even for MERCHANTABILITY or FITNESS FOR A PARTICULAR PURPOSE.

configure:2326: $? = 0
configure:2328: gcc -v </dev/null >&5
Reading specs from /usr/libexec/gcc/darwin/ppc/3.1/specs
Thread model: posix
Apple Computer, Inc. GCC version 1161, based on gcc version 3.1 20020420 (prerelease)
configure:2331: $? = 0
configure:2333: gcc -V </dev/null >&5
gcc: argument to `-V' is missing
configure:2336: $? = 1
configure:2339: checking whether we are using the GNU C compiler
configure:2360: gcc -c   conftest.c >&5
configure:2363: $? = 0
configure:2366: test -s conftest.o
configure:2369: $? = 0
configure:2381: result: yes
configure:2387: checking whether gcc accepts -g
configure:2405: gcc -c -g  conftest.c >&5
configure:2408: $? = 0
configure:2411: test -s conftest.o
configure:2414: $? = 0
configure:2424: result: yes
configure:2451: gcc -c -g -O2  conftest.c >&5
conftest.c:2: undefined type, found `choke'
conftest.c:2: illegal external declaration, missing `;' after `me'
cpp-precomp: warning: errors during smart preprocessing, retrying in basic mode
conftest.c:2: parse error before "me"
configure:2454: $? = 1
configure: failed program was:
#ifndef __cplusplus
  choke me
#endif
configure:2562: checking for ld used by GCC
configure:2619: result: /usr/bin/ld
configure:2628: checking if the linker (/usr/bin/ld) is GNU ld
configure:2640: result: no
configure:2643: checking for BSD-compatible nm
configure:2677: result: /usr/bin/nm -p
configure:2680: checking whether ln -s works
configure:2684: result: yes
ltconfig:603: checking for object suffix
ltconfig:604: gcc -c -g -O2  conftest.c 1>&5
ltconfig:629: checking for executable suffix
ltconfig:630: gcc -o conftest -g -O2   conftest.c  1>&5
ltconfig:776: checking if gcc PIC flag -fPIC works
ltconfig:777: gcc -c -g -O2 -fPIC -DPIC  conftest.c 1>&5
ltconfig:829: checking if gcc supports -c -o file.o
ltconfig:830: gcc -c -g -O2 -o out/conftest2.o  conftest.c 1>&5
ltconfig:862: checking if gcc supports -c -o file.lo
ltconfig:863: gcc -c -g -O2 -c -o conftest.lo  conftest.c 1>&5
ltconfig:914: checking if gcc supports -fno-rtti -fno-exceptions
ltconfig:915: gcc -c -g -O2 -fno-rtti -fno-exceptions -c conftest.c  conftest.c 1>&5
ltconfig:958: checking if gcc static flag -static works
ltconfig:959: gcc -o conftest -g -O2   -static conftest.c  1>&5
ld: can't locate file for: -lcrt0.o
ltconfig:1653: checking if global_symbol_pipe works
ltconfig:1654: gcc -c -g -O2  conftest.c 1>&5
ltconfig:1657: eval "/usr/bin/nm -p conftest.o | sed -n -e 's/^.*[ 	]\([BCDEGRST]\)[ 	][ 	]*\(\)\([_A-Za-z][_A-Za-z0-9]*\)$/\1 \2\3 \3/p' > conftest.nm"
cannot find nm_test_var in conftest.nm
ltconfig:1653: checking if global_symbol_pipe works
ltconfig:1654: gcc -c -g -O2  conftest.c 1>&5
ltconfig:1657: eval "/usr/bin/nm -p conftest.o | sed -n -e 's/^.*[ 	]\([BCDEGRST]\)[ 	][ 	]*\(_\)\([_A-Za-z][_A-Za-z0-9]*\)$/\1 \2\3 \3/p' > conftest.nm"
ltconfig:1709: gcc -o conftest -g -O2 -fno-builtin -fno-rtti -fno-exceptions   conftest.c conftstm.o 1>&5
configure:2894: checking how to run the C++ preprocessor
configure:2916: gcc3 -E  conftest.cc
configure:2922: $? = 0
configure:2949: gcc3 -E  conftest.cc
configure:2946:28: ac_nonexistent.h: No such file or directory
configure:2955: $? = 1
configure: failed program was:
#line 2945 "configure"
#include "confdefs.h"
#include <ac_nonexistent.h>
configure:2992: result: gcc3 -E
configure:3007: gcc3 -E  conftest.cc
configure:3013: $? = 0
configure:3040: gcc3 -E  conftest.cc
configure:3037:28: ac_nonexistent.h: No such file or directory
configure:3046: $? = 1
configure: failed program was:
#line 3036 "configure"
#include "confdefs.h"
#include <ac_nonexistent.h>
configure:3085: checking for ANSI C header files
configure:3099: gcc3 -E  conftest.cc
configure:3105: $? = 0
configure:3192: gcc3 -o conftest -g -Wall -O2 -funroll-loops -fomit-frame-pointer -fno-exceptions   conftest.cc  >&5
configure:3195: $? = 0
configure:3197: ./conftest
configure:3200: $? = 0
configure:3213: result: yes
configure:3229: checking for sys/types.h
configure:3241: gcc3 -c -g -Wall -O2 -funroll-loops -fomit-frame-pointer -fno-exceptions  conftest.cc >&5
configure:3244: $? = 0
configure:3247: test -s conftest.o
configure:3250: $? = 0
configure:3260: result: yes
configure:3229: checking for sys/stat.h
configure:3241: gcc3 -c -g -Wall -O2 -funroll-loops -fomit-frame-pointer -fno-exceptions  conftest.cc >&5
configure:3244: $? = 0
configure:3247: test -s conftest.o
configure:3250: $? = 0
configure:3260: result: yes
configure:3229: checking for stdlib.h
configure:3241: gcc3 -c -g -Wall -O2 -funroll-loops -fomit-frame-pointer -fno-exceptions  conftest.cc >&5
configure:3244: $? = 0
configure:3247: test -s conftest.o
configure:3250: $? = 0
configure:3260: result: yes
configure:3229: checking for string.h
configure:3241: gcc3 -c -g -Wall -O2 -funroll-loops -fomit-frame-pointer -fno-exceptions  conftest.cc >&5
configure:3244: $? = 0
configure:3247: test -s conftest.o
configure:3250: $? = 0
configure:3260: result: yes
configure:3229: checking for memory.h
configure:3241: gcc3 -c -g -Wall -O2 -funroll-loops -fomit-frame-pointer -fno-exceptions  conftest.cc >&5
configure:3244: $? = 0
configure:3247: test -s conftest.o
configure:3250: $? = 0
configure:3260: result: yes
configure:3229: checking for strings.h
configure:3241: gcc3 -c -g -Wall -O2 -funroll-loops -fomit-frame-pointer -fno-exceptions  conftest.cc >&5
configure:3244: $? = 0
configure:3247: test -s conftest.o
configure:3250: $? = 0
configure:3260: result: yes
configure:3229: checking for inttypes.h
configure:3241: gcc3 -c -g -Wall -O2 -funroll-loops -fomit-frame-pointer -fno-exceptions  conftest.cc >&5
configure:3244: $? = 0
configure:3247: test -s conftest.o
configure:3250: $? = 0
configure:3260: result: yes
configure:3229: checking for stdint.h
configure:3241: gcc3 -c -g -Wall -O2 -funroll-loops -fomit-frame-pointer -fno-exceptions  conftest.cc >&5
configure:3244: $? = 0
configure:3247: test -s conftest.o
configure:3250: $? = 0
configure:3260: result: yes
configure:3229: checking for unistd.h
configure:3241: gcc3 -c -g -Wall -O2 -funroll-loops -fomit-frame-pointer -fno-exceptions  conftest.cc >&5
configure:3244: $? = 0
configure:3247: test -s conftest.o
configure:3250: $? = 0
configure:3260: result: yes
configure:3270: checking for int
configure:3291: gcc3 -c -g -Wall -O2 -funroll-loops -fomit-frame-pointer -fno-exceptions  conftest.cc >&5
configure:3294: $? = 0
configure:3297: test -s conftest.o
configure:3300: $? = 0
configure:3310: result: yes
configure:3313: checking size of int
configure:3477: gcc3 -o conftest -g -Wall -O2 -funroll-loops -fomit-frame-pointer -fno-exceptions   conftest.cc  >&5
configure: In function `int main()':
configure:3502: warning: int format, long unsigned int arg (arg 3)
configure:3480: $? = 0
configure:3482: ./conftest
configure:3485: $? = 0
configure:3501: result: 4
configure:3513: checking for working bool
configure:3533: gcc3 -c -g -Wall -O2 -funroll-loops -fomit-frame-pointer -fno-exceptions  conftest.cc >&5
configure: In function `int main()':
configure:3525: warning: unused variable `bool flag'
configure:3536: $? = 0
configure:3539: test -s conftest.o
configure:3542: $? = 0
configure:3552: result: yes
configure:3671: creating ./config.status

## ----------------- ##
## Cache variables.  ##
## ----------------- ##

ac_cv_build=powerpc-apple-darwin6.1
ac_cv_build_alias=powerpc-apple-darwin6.1
ac_cv_c_compiler_gnu=yes
ac_cv_cxx_bool=yes
ac_cv_cxx_compiler_gnu=yes
ac_cv_env_CC_set=
ac_cv_env_CC_value=
ac_cv_env_CFLAGS_set=
ac_cv_env_CFLAGS_value=
ac_cv_env_CPPFLAGS_set=
ac_cv_env_CPPFLAGS_value=
ac_cv_env_CXXCPP_set=
ac_cv_env_CXXCPP_value=
ac_cv_env_CXXFLAGS_set=
ac_cv_env_CXXFLAGS_value=
ac_cv_env_CXX_set=set
ac_cv_env_CXX_value=gcc3
ac_cv_env_LDFLAGS_set=
ac_cv_env_LDFLAGS_value=
ac_cv_env_build_alias_set=
ac_cv_env_build_alias_value=
ac_cv_env_host_alias_set=
ac_cv_env_host_alias_value=
ac_cv_env_target_alias_set=
ac_cv_env_target_alias_value=
ac_cv_header_inttypes_h=yes
ac_cv_header_memory_h=yes
ac_cv_header_stdc=yes
ac_cv_header_stdint_h=yes
ac_cv_header_stdlib_h=yes
ac_cv_header_string_h=yes
ac_cv_header_strings_h=yes
ac_cv_header_sys_stat_h=yes
ac_cv_header_sys_types_h=yes
ac_cv_header_unistd_h=yes
ac_cv_host=powerpc-apple-darwin6.1
ac_cv_host_alias=powerpc-apple-darwin6.1
ac_cv_objext=o
ac_cv_path_LD=/usr/bin/ld
ac_cv_path_NM='/usr/bin/nm -p'
ac_cv_path_PERL=/usr/bin/perl
ac_cv_path_install='/usr/bin/install -c'
ac_cv_prog_CXXCPP='gcc3 -E'
ac_cv_prog_ac_ct_CC=gcc
ac_cv_prog_ac_ct_RANLIB=ranlib
ac_cv_prog_cc_g=yes
ac_cv_prog_cxx_g=yes
ac_cv_prog_gnu_ld=no
ac_cv_prog_make_make_set=yes
ac_cv_sizeof_int=4
ac_cv_type_int=yes

## ------------ ##
## confdefs.h.  ##
## ------------ ##

#define PACKAGE "resid"
#define VERSION "0.13"
#ifdef __cplusplus
#include <stdlib.h>
#endif
#define STDC_HEADERS 1
#define HAVE_SYS_TYPES_H 1
#define HAVE_SYS_STAT_H 1
#define HAVE_STDLIB_H 1
#define HAVE_STRING_H 1
#define HAVE_MEMORY_H 1
#define HAVE_STRINGS_H 1
#define HAVE_INTTYPES_H 1
#define HAVE_STDINT_H 1
#define HAVE_UNISTD_H 1
#define SIZEOF_INT 4


configure: exit 0

## ----------------------- ##
## Running config.status.  ##
## ----------------------- ##

This file was extended by config.status 2.52, executed with
  CONFIG_FILES    = Makefile
  CONFIG_HEADERS  = 
  CONFIG_LINKS    = 
  CONFIG_COMMANDS = 
  > ./config.status 
on drax

config.status:4129: creating Makefile

## ----------------------- ##
## Running config.status.  ##
## ----------------------- ##

This file was extended by config.status 2.52, executed with
  CONFIG_FILES    = siddefs.h
  CONFIG_HEADERS  = 
  CONFIG_LINKS    = 
  CONFIG_COMMANDS = 
  > ./config.status 
on drax

config.status:4129: creating siddefs.h
